<?xml version="1.0" encoding="UTF-8"?>
<!-- Generated by org.testng.reporters.JUnitXMLReporter -->
<testsuite ignored="0" hostname="DESKTOP-G8PVACE" failures="0" tests="1" name="Test10" time="1.025" errors="0" timestamp="2021-11-17T12:02:00 IST">
  <testcase classname="pageobject.MouseAction" name="@BeforeTest initialise" time="1.013">
    <failure type="org.openqa.selenium.SessionNotCreatedException" message="session not created: This version of ChromeDriver only supports Chrome version 94
Current browser version is 96.0.4664.45 with binary path C:\Program Files\Google\Chrome\Application\chrome.exe
Build info: version: &amp;apos;3.141.59&amp;apos;, revision: &amp;apos;e82be7d358&amp;apos;, time: &amp;apos;2018-11-14T08:17:03&amp;apos;
System info: host: &amp;apos;DESKTOP-G8PVACE&amp;apos;, ip: &amp;apos;192.168.133.1&amp;apos;, os.name: &amp;apos;Windows 10&amp;apos;, os.arch: &amp;apos;amd64&amp;apos;, os.version: &amp;apos;10.0&amp;apos;, java.version: &amp;apos;17&amp;apos;
Driver info: driver.version: ChromeDriver
remote stacktrace: Backtrace:
	Ordinal0 [0x00B4B9D3+2472403]
	Ordinal0 [0x00AE6961+2058593]
	Ordinal0 [0x009F22B8+1057464]
	Ordinal0 [0x00A103FA+1180666]
	Ordinal0 [0x00A0C2E5+1164005]
	Ordinal0 [0x00A09B7F+1153919]
	Ordinal0 [0x00A3997F+1350015]
	Ordinal0 [0x00A395EA+1349098]
	Ordinal0 [0x00A3545B+1332315]
	Ordinal0 [0x00A11FB4+1187764]
	Ordinal0 [0x00A12E09+1191433]
	GetHandleVerifier [0x00CD3396+1551078]
	GetHandleVerifier [0x00D7D53A+2247818]
	GetHandleVerifier [0x00BD7FBB+521995]
	GetHandleVerifier [0x00BD7079+518089]
	Ordinal0 [0x00AEBD4D+2080077]
	Ordinal0 [0x00AEFC18+2096152]
	Ordinal0 [0x00AEFD52+2096466]
	Ordinal0 [0x00AF94B1+2135217]
	BaseThreadInitThunk [0x776EFA29+25]
	RtlGetAppContainerNamedObjectPath [0x77A77A9E+286]
	RtlGetAppContainerNamedObjectPath [0x77A77A6E+238]
">
      <![CDATA[org.openqa.selenium.SessionNotCreatedException: session not created: This version of ChromeDriver only supports Chrome version 94
Current browser version is 96.0.4664.45 with binary path C:\Program Files\Google\Chrome\Application\chrome.exe
Build info: version: '3.141.59', revision: 'e82be7d358', time: '2018-11-14T08:17:03'
System info: host: 'DESKTOP-G8PVACE', ip: '192.168.133.1', os.name: 'Windows 10', os.arch: 'amd64', os.version: '10.0', java.version: '17'
Driver info: driver.version: ChromeDriver
remote stacktrace: Backtrace:
Ordinal0 [0x00B4B9D3+2472403]
Ordinal0 [0x00AE6961+2058593]
Ordinal0 [0x009F22B8+1057464]
Ordinal0 [0x00A103FA+1180666]
Ordinal0 [0x00A0C2E5+1164005]
Ordinal0 [0x00A09B7F+1153919]
Ordinal0 [0x00A3997F+1350015]
Ordinal0 [0x00A395EA+1349098]
Ordinal0 [0x00A3545B+1332315]
Ordinal0 [0x00A11FB4+1187764]
Ordinal0 [0x00A12E09+1191433]
GetHandleVerifier [0x00CD3396+1551078]
GetHandleVerifier [0x00D7D53A+2247818]
GetHandleVerifier [0x00BD7FBB+521995]
GetHandleVerifier [0x00BD7079+518089]
Ordinal0 [0x00AEBD4D+2080077]
Ordinal0 [0x00AEFC18+2096152]
Ordinal0 [0x00AEFD52+2096466]
Ordinal0 [0x00AF94B1+2135217]
BaseThreadInitThunk [0x776EFA29+25]
RtlGetAppContainerNamedObjectPath [0x77A77A9E+286]
RtlGetAppContainerNamedObjectPath [0x77A77A6E+238]

at org.openqa.selenium.remote.W3CHandshakeResponse.lambda$errorHandler$0(W3CHandshakeResponse.java:62)
at org.openqa.selenium.remote.HandshakeResponse.lambda$getResponseFunction$0(HandshakeResponse.java:30)
at org.openqa.selenium.remote.ProtocolHandshake.lambda$createSession$0(ProtocolHandshake.java:126)
at java.base/java.util.stream.ReferencePipeline$3$1.accept(ReferencePipeline.java:197)
at java.base/java.util.Spliterators$ArraySpliterator.tryAdvance(Spliterators.java:1002)
at java.base/java.util.stream.ReferencePipeline.forEachWithCancel(ReferencePipeline.java:129)
at java.base/java.util.stream.AbstractPipeline.copyIntoWithCancel(AbstractPipeline.java:527)
at java.base/java.util.stream.AbstractPipeline.copyInto(AbstractPipeline.java:513)
at java.base/java.util.stream.AbstractPipeline.wrapAndCopyInto(AbstractPipeline.java:499)
at java.base/java.util.stream.FindOps$FindOp.evaluateSequential(FindOps.java:150)
at java.base/java.util.stream.AbstractPipeline.evaluate(AbstractPipeline.java:234)
at java.base/java.util.stream.ReferencePipeline.findFirst(ReferencePipeline.java:647)
at org.openqa.selenium.remote.ProtocolHandshake.createSession(ProtocolHandshake.java:128)
at org.openqa.selenium.remote.ProtocolHandshake.createSession(ProtocolHandshake.java:74)
at org.openqa.selenium.remote.HttpCommandExecutor.execute(HttpCommandExecutor.java:136)
at org.openqa.selenium.remote.service.DriverCommandExecutor.execute(DriverCommandExecutor.java:83)
at org.openqa.selenium.remote.RemoteWebDriver.execute(RemoteWebDriver.java:552)
at org.openqa.selenium.remote.RemoteWebDriver.startSession(RemoteWebDriver.java:213)
at org.openqa.selenium.remote.RemoteWebDriver.<init>(RemoteWebDriver.java:131)
at org.openqa.selenium.chrome.ChromeDriver.<init>(ChromeDriver.java:181)
at org.openqa.selenium.chrome.ChromeDriver.<init>(ChromeDriver.java:168)
at org.openqa.selenium.chrome.ChromeDriver.<init>(ChromeDriver.java:123)
at reusablecomponents.ReadPropertyFile.DriverInitialisation(ReadPropertyFile.java:27)
at pageobject.MouseAction.initialise(MouseAction.java:21)
... Removed 29 stack frames]]>
    </failure>
  </testcase> <!-- @BeforeTest initialise -->
  <testcase classname="pageobject.MouseAction" name="@AfterTest close" time="-1.637130720001E9">
    <skipped/>
  </testcase> <!-- @AfterTest close -->
  <testcase classname="pageobject.MouseAction" name="MouseActionTest" time="0.0">
    <skipped/>
  </testcase> <!-- MouseActionTest -->
</testsuite> <!-- Test10 -->
